C51 COMPILER V9.60.0.0   LCD_8BIT                                                          09/01/2019 01:17:38 PAGE 1   


C51 COMPILER V9.60.0.0, COMPILATION OF MODULE LCD_8BIT
OBJECT MODULE PLACED IN .\Objects\LCD_8bit.obj
COMPILER INVOKED BY: C:\Keil_v5\C51\BIN\C51.EXE LCD_8bit.c OPTIMIZE(8,SPEED) PRINT(.\Listings\LCD_8bit.lst) TABS(2) OBJE
                    -CT(.\Objects\LCD_8bit.obj)

line level    source

   1          /*
   2           * LCD_8_bit.c
   3           *
   4           */
   5          
   6          #include <reg52.h>
   7          #include <intrins.h>
   8          #include "LCD_8bit.h"
   9          
  10          #define LCD_Data P2
  11          
  12          sbit RS=P1^2;
  13          sbit RW=P1^1;
  14          sbit EN=P1^0;
  15          
  16          void delay(unsigned int k)
  17          {
  18   1        int i,j;
  19   1        for (i=0;i<k;i++)
  20   1          for (j=0;j<112;j++);
  21   1      }
  22          
  23          void LCD_Command(char Command)
  24          {
  25   1        LCD_Data = Command;
  26   1        RS=0;
  27   1        RW=0;
  28   1        EN=1;
  29   1        delay(1);
  30   1        EN=0;
  31   1        delay(3);
  32   1      }
  33          void LCD_Char(char Data)
  34          {
  35   1        LCD_Data = Data;
  36   1        RS=1;
  37   1        RW=0;
  38   1        EN=1;
  39   1        delay(1);
  40   1        EN=0;
  41   1        delay(3);
  42   1      }
  43          
  44          void LCD_String(unsigned char *str)
  45          {
  46   1        int i;
  47   1        for(i=0;str[i]!=0;i++)              /* Send each char of string till the NULL */
  48   1        {
  49   2          LCD_Char (str[i]);              /* Call LCD data write */
  50   2        }
  51   1      }
  52          
  53          void LCD_String_xy (unsigned char row, unsigned char pos, unsigned char *str) /* Send string to LCD functi
             -on */
C51 COMPILER V9.60.0.0   LCD_8BIT                                                          09/01/2019 01:17:38 PAGE 2   

  54          {
  55   1        if (row == 1)
  56   1          LCD_Command((pos & 0x0F)|0x80);       /* Command of first row and required position<16 */
  57   1        else if (row == 2)
  58   1          LCD_Command((pos & 0x0F)|0xC0);       /* Command of Second row and required position<16 */
  59   1        LCD_String(str);                /* Call LCD string function */
  60   1      }
  61          
  62          void LCD_Init()
  63          {
  64   1        delay(50);
  65   1        LCD_Command(0x38);
  66   1        LCD_Command(0x0C);
  67   1        LCD_Command(0x01);
  68   1        LCD_Command(0x06);
  69   1        LCD_Command(0x80);
  70   1      }
  71          


MODULE INFORMATION:   STATIC OVERLAYABLE
   CODE SIZE        =    191    ----
   CONSTANT SIZE    =   ----    ----
   XDATA SIZE       =   ----    ----
   PDATA SIZE       =   ----    ----
   DATA SIZE        =   ----      10
   IDATA SIZE       =   ----    ----
   BIT SIZE         =   ----    ----
END OF MODULE INFORMATION.


C51 COMPILATION COMPLETE.  0 WARNING(S),  0 ERROR(S)
